This file contains any messages produced by compilers while
running configure, to aid debugging if configure makes a mistake.

It was created by patch configure 2.6, which was
generated by GNU Autoconf 2.63.  Invocation command line was

  $ ./configure 

## --------- ##
## Platform. ##
## --------- ##

hostname = darragh-Ideapad-Z570
uname -m = i686
uname -r = 3.0.0-12-generic
uname -s = Linux
uname -v = #20-Ubuntu SMP Fri Oct 7 14:50:42 UTC 2011

/usr/bin/uname -p = unknown
/bin/uname -X     = unknown

/bin/arch              = unknown
/usr/bin/arch -k       = unknown
/usr/convex/getsysinfo = unknown
/usr/bin/hostinfo      = unknown
/bin/machine           = unknown
/usr/bin/oslevel       = unknown
/bin/universe          = unknown

PATH: /usr/lib/lightdm/lightdm
PATH: /usr/local/sbin
PATH: /usr/local/bin
PATH: /usr/sbin
PATH: /usr/bin
PATH: /sbin
PATH: /bin
PATH: /usr/games


## ----------- ##
## Core tests. ##
## ----------- ##

configure:1882: checking for gcc
configure:1898: found /usr/bin/gcc
configure:1909: result: gcc
configure:2141: checking for C compiler version
configure:2149: gcc --version >&5
gcc (Ubuntu/Linaro 4.6.1-9ubuntu3) 4.6.1
Copyright (C) 2011 Free Software Foundation, Inc.
This is free software; see the source for copying conditions.  There is NO
warranty; not even for MERCHANTABILITY or FITNESS FOR A PARTICULAR PURPOSE.

configure:2153: $? = 0
configure:2160: gcc -v >&5
Using built-in specs.
COLLECT_GCC=gcc
COLLECT_LTO_WRAPPER=/usr/lib/gcc/i686-linux-gnu/4.6.1/lto-wrapper
Target: i686-linux-gnu
Configured with: ../src/configure -v --with-pkgversion='Ubuntu/Linaro 4.6.1-9ubuntu3' --with-bugurl=file:///usr/share/doc/gcc-4.6/README.Bugs --enable-languages=c,c++,fortran,objc,obj-c++,go --prefix=/usr --program-suffix=-4.6 --enable-shared --enable-linker-build-id --with-system-zlib --libexecdir=/usr/lib --without-included-gettext --enable-threads=posix --with-gxx-include-dir=/usr/include/c++/4.6 --libdir=/usr/lib --enable-nls --with-sysroot=/ --enable-clocale=gnu --enable-libstdcxx-debug --enable-libstdcxx-time=yes --enable-plugin --enable-objc-gc --enable-targets=all --disable-werror --with-arch-32=i686 --with-tune=generic --enable-checking=release --build=i686-linux-gnu --host=i686-linux-gnu --target=i686-linux-gnu
Thread model: posix
gcc version 4.6.1 (Ubuntu/Linaro 4.6.1-9ubuntu3) 
configure:2164: $? = 0
configure:2171: gcc -V >&5
gcc: error: unrecognized option '-V'
gcc: fatal error: no input files
compilation terminated.
configure:2175: $? = 4
configure:2198: checking for C compiler default output file name
configure:2220: gcc    conftest.c  >&5
configure:2224: $? = 0
configure:2262: result: a.out
configure:2281: checking whether the C compiler works
configure:2291: ./a.out
configure:2295: $? = 0
configure:2314: result: yes
configure:2321: checking whether we are cross compiling
configure:2323: result: no
configure:2326: checking for suffix of executables
configure:2333: gcc -o conftest    conftest.c  >&5
configure:2337: $? = 0
configure:2363: result: 
configure:2369: checking for suffix of object files
configure:2395: gcc -c   conftest.c >&5
configure:2399: $? = 0
configure:2424: result: o
configure:2428: checking whether we are using the GNU C compiler
configure:2457: gcc -c   conftest.c >&5
configure:2464: $? = 0
configure:2481: result: yes
configure:2490: checking whether gcc accepts -g
configure:2520: gcc -c -g  conftest.c >&5
configure:2527: $? = 0
configure:2628: result: yes
configure:2645: checking for gcc option to accept ISO C89
configure:2719: gcc  -c -g -O2  conftest.c >&5
configure:2726: $? = 0
configure:2749: result: none needed
configure:2772: checking how to run the C preprocessor
configure:2812: gcc -E  conftest.c
configure:2819: $? = 0
configure:2850: gcc -E  conftest.c
conftest.c:8:28: fatal error: ac_nonexistent.h: No such file or directory
compilation terminated.
configure:2857: $? = 1
configure: failed program was:
| /* confdefs.h.  */
| #define PACKAGE_NAME "patch"
| #define PACKAGE_TARNAME "patch"
| #define PACKAGE_VERSION "2.6"
| #define PACKAGE_STRING "patch 2.6"
| #define PACKAGE_BUGREPORT "bug-patch@gnu.org"
| /* end confdefs.h.  */
| #include <ac_nonexistent.h>
configure:2890: result: gcc -E
configure:2919: gcc -E  conftest.c
configure:2926: $? = 0
configure:2957: gcc -E  conftest.c
conftest.c:8:28: fatal error: ac_nonexistent.h: No such file or directory
compilation terminated.
configure:2964: $? = 1
configure: failed program was:
| /* confdefs.h.  */
| #define PACKAGE_NAME "patch"
| #define PACKAGE_TARNAME "patch"
| #define PACKAGE_VERSION "2.6"
| #define PACKAGE_STRING "patch 2.6"
| #define PACKAGE_BUGREPORT "bug-patch@gnu.org"
| /* end confdefs.h.  */
| #include <ac_nonexistent.h>
configure:3048: checking for a BSD-compatible install
configure:3116: result: /usr/bin/install -c
configure:3127: checking whether make sets $(MAKE)
configure:3149: result: yes
configure:3162: checking for ed
configure:3180: found /bin/ed
configure:3193: result: /bin/ed
configure:3204: checking for bash
configure:3222: found /bin/bash
configure:3234: result: /bin/bash
configure:3249: checking build system type
configure:3267: result: i686-pc-linux-gnu
configure:3289: checking host system type
configure:3304: result: i686-pc-linux-gnu
configure:3328: checking for grep that handles long lines and -e
configure:3388: result: /bin/grep
configure:3393: checking for egrep
configure:3457: result: /bin/grep -E
configure:3462: checking for ANSI C header files
configure:3492: gcc -c -g -O2  conftest.c >&5
configure:3499: $? = 0
configure:3598: gcc -o conftest -g -O2   conftest.c  >&5
configure:3602: $? = 0
configure:3608: ./conftest
configure:3612: $? = 0
configure:3630: result: yes
configure:3654: checking for sys/types.h
configure:3675: gcc -c -g -O2  conftest.c >&5
configure:3682: $? = 0
configure:3699: result: yes
configure:3654: checking for sys/stat.h
configure:3675: gcc -c -g -O2  conftest.c >&5
configure:3682: $? = 0
configure:3699: result: yes
configure:3654: checking for stdlib.h
configure:3675: gcc -c -g -O2  conftest.c >&5
configure:3682: $? = 0
configure:3699: result: yes
configure:3654: checking for string.h
configure:3675: gcc -c -g -O2  conftest.c >&5
configure:3682: $? = 0
configure:3699: result: yes
configure:3654: checking for memory.h
configure:3675: gcc -c -g -O2  conftest.c >&5
configure:3682: $? = 0
configure:3699: result: yes
configure:3654: checking for strings.h
configure:3675: gcc -c -g -O2  conftest.c >&5
configure:3682: $? = 0
configure:3699: result: yes
configure:3654: checking for inttypes.h
configure:3675: gcc -c -g -O2  conftest.c >&5
configure:3682: $? = 0
configure:3699: result: yes
configure:3654: checking for stdint.h
configure:3675: gcc -c -g -O2  conftest.c >&5
configure:3682: $? = 0
configure:3699: result: yes
configure:3654: checking for unistd.h
configure:3675: gcc -c -g -O2  conftest.c >&5
configure:3682: $? = 0
configure:3699: result: yes
configure:3726: checking minix/config.h usability
configure:3743: gcc -c -g -O2  conftest.c >&5
conftest.c:51:26: fatal error: minix/config.h: No such file or directory
compilation terminated.
configure:3750: $? = 1
configure: failed program was:
| /* confdefs.h.  */
| #define PACKAGE_NAME "patch"
| #define PACKAGE_TARNAME "patch"
| #define PACKAGE_VERSION "2.6"
| #define PACKAGE_STRING "patch 2.6"
| #define PACKAGE_BUGREPORT "bug-patch@gnu.org"
| #define STDC_HEADERS 1
| #define HAVE_SYS_TYPES_H 1
| #define HAVE_SYS_STAT_H 1
| #define HAVE_STDLIB_H 1
| #define HAVE_STRING_H 1
| #define HAVE_MEMORY_H 1
| #define HAVE_STRINGS_H 1
| #define HAVE_INTTYPES_H 1
| #define HAVE_STDINT_H 1
| #define HAVE_UNISTD_H 1
| /* end confdefs.h.  */
| #include <stdio.h>
| #ifdef HAVE_SYS_TYPES_H
| # include <sys/types.h>
| #endif
| #ifdef HAVE_SYS_STAT_H
| # include <sys/stat.h>
| #endif
| #ifdef STDC_HEADERS
| # include <stdlib.h>
| # include <stddef.h>
| #else
| # ifdef HAVE_STDLIB_H
| #  include <stdlib.h>
| # endif
| #endif
| #ifdef HAVE_STRING_H
| # if !defined STDC_HEADERS && defined HAVE_MEMORY_H
| #  include <memory.h>
| # endif
| # include <string.h>
| #endif
| #ifdef HAVE_STRINGS_H
| # include <strings.h>
| #endif
| #ifdef HAVE_INTTYPES_H
| # include <inttypes.h>
| #endif
| #ifdef HAVE_STDINT_H
| # include <stdint.h>
| #endif
| #ifdef HAVE_UNISTD_H
| # include <unistd.h>
| #endif
| #include <minix/config.h>
configure:3764: result: no
configure:3768: checking minix/config.h presence
configure:3783: gcc -E  conftest.c
conftest.c:18:26: fatal error: minix/config.h: No such file or directory
compilation terminated.
configure:3790: $? = 1
configure: failed program was:
| /* confdefs.h.  */
| #define PACKAGE_NAME "patch"
| #define PACKAGE_TARNAME "patch"
| #define PACKAGE_VERSION "2.6"
| #define PACKAGE_STRING "patch 2.6"
| #define PACKAGE_BUGREPORT "bug-patch@gnu.org"
| #define STDC_HEADERS 1
| #define HAVE_SYS_TYPES_H 1
| #define HAVE_SYS_STAT_H 1
| #define HAVE_STDLIB_H 1
| #define HAVE_STRING_H 1
| #define HAVE_MEMORY_H 1
| #define HAVE_STRINGS_H 1
| #define HAVE_INTTYPES_H 1
| #define HAVE_STDINT_H 1
| #define HAVE_UNISTD_H 1
| /* end confdefs.h.  */
| #include <minix/config.h>
configure:3804: result: no
configure:3837: checking for minix/config.h
configure:3844: result: no
configure:3885: checking whether it is safe to define __EXTENSIONS__
configure:3913: gcc -c -g -O2  conftest.c >&5
configure:3920: $? = 0
configure:3935: result: yes
configure:3966: checking for gcc option to accept ISO C99
configure:4125: gcc  -c -g -O2  conftest.c >&5
conftest.c:73:29: error: expected ';', ',' or ')' before 'text'
conftest.c: In function 'main':
conftest.c:127:18: error: expected '=', ',', ';', 'asm' or '__attribute__' before 'newvar'
conftest.c:127:18: error: 'newvar' undeclared (first use in this function)
conftest.c:127:18: note: each undeclared identifier is reported only once for each function it appears in
conftest.c:137:3: error: 'for' loop initial declarations are only allowed in C99 mode
conftest.c:137:3: note: use option -std=c99 or -std=gnu99 to compile your code
configure:4132: $? = 1
configure: failed program was:
| /* confdefs.h.  */
| #define PACKAGE_NAME "patch"
| #define PACKAGE_TARNAME "patch"
| #define PACKAGE_VERSION "2.6"
| #define PACKAGE_STRING "patch 2.6"
| #define PACKAGE_BUGREPORT "bug-patch@gnu.org"
| #define STDC_HEADERS 1
| #define HAVE_SYS_TYPES_H 1
| #define HAVE_SYS_STAT_H 1
| #define HAVE_STDLIB_H 1
| #define HAVE_STRING_H 1
| #define HAVE_MEMORY_H 1
| #define HAVE_STRINGS_H 1
| #define HAVE_INTTYPES_H 1
| #define HAVE_STDINT_H 1
| #define HAVE_UNISTD_H 1
| #define __EXTENSIONS__ 1
| #define _ALL_SOURCE 1
| #define _GNU_SOURCE 1
| #define _POSIX_PTHREAD_SEMANTICS 1
| #define _TANDEM_SOURCE 1
| /* end confdefs.h.  */
| #include <stdarg.h>
| #include <stdbool.h>
| #include <stdlib.h>
| #include <wchar.h>
| #include <stdio.h>
| 
| // Check varargs macros.  These examples are taken from C99 6.10.3.5.
| #define debug(...) fprintf (stderr, __VA_ARGS__)
| #define showlist(...) puts (#__VA_ARGS__)
| #define report(test,...) ((test) ? puts (#test) : printf (__VA_ARGS__))
| static void
| test_varargs_macros (void)
| {
|   int x = 1234;
|   int y = 5678;
|   debug ("Flag");
|   debug ("X = %d\n", x);
|   showlist (The first, second, and third items.);
|   report (x>y, "x is %d but y is %d", x, y);
| }
| 
| // Check long long types.
| #define BIG64 18446744073709551615ull
| #define BIG32 4294967295ul
| #define BIG_OK (BIG64 / BIG32 == 4294967297ull && BIG64 % BIG32 == 0)
| #if !BIG_OK
|   your preprocessor is broken;
| #endif
| #if BIG_OK
| #else
|   your preprocessor is broken;
| #endif
| static long long int bignum = -9223372036854775807LL;
| static unsigned long long int ubignum = BIG64;
| 
| struct incomplete_array
| {
|   int datasize;
|   double data[];
| };
| 
| struct named_init {
|   int number;
|   const wchar_t *name;
|   double average;
| };
| 
| typedef const char *ccp;
| 
| static inline int
| test_restrict (ccp restrict text)
| {
|   // See if C++-style comments work.
|   // Iterate through items via the restricted pointer.
|   // Also check for declarations in for loops.
|   for (unsigned int i = 0; *(text+i) != '\0'; ++i)
|     continue;
|   return 0;
| }
| 
| // Check varargs and va_copy.
| static void
| test_varargs (const char *format, ...)
| {
|   va_list args;
|   va_start (args, format);
|   va_list args_copy;
|   va_copy (args_copy, args);
| 
|   const char *str;
|   int number;
|   float fnumber;
| 
|   while (*format)
|     {
|       switch (*format++)
| 	{
| 	case 's': // string
| 	  str = va_arg (args_copy, const char *);
| 	  break;
| 	case 'd': // int
| 	  number = va_arg (args_copy, int);
| 	  break;
| 	case 'f': // float
| 	  fnumber = va_arg (args_copy, double);
| 	  break;
| 	default:
| 	  break;
| 	}
|     }
|   va_end (args_copy);
|   va_end (args);
| }
| 
| int
| main ()
| {
| 
|   // Check bool.
|   _Bool success = false;
| 
|   // Check restrict.
|   if (test_restrict ("String literal") == 0)
|     success = true;
|   char *restrict newvar = "Another string";
| 
|   // Check varargs.
|   test_varargs ("s, d' f .", "string", 65, 34.234);
|   test_varargs_macros ();
| 
|   // Check flexible array members.
|   struct incomplete_array *ia =
|     malloc (sizeof (struct incomplete_array) + (sizeof (double) * 10));
|   ia->datasize = 10;
|   for (int i = 0; i < ia->datasize; ++i)
|     ia->data[i] = i * 1.234;
| 
|   // Check named initializers.
|   struct named_init ni = {
|     .number = 34,
|     .name = L"Test wide string",
|     .average = 543.34343,
|   };
| 
|   ni.number = 58;
| 
|   int dynamic_array[ni.number];
|   dynamic_array[ni.number - 1] = 543;
| 
|   // work around unused variable warnings
|   return (!success || bignum == 0LL || ubignum == 0uLL || newvar[0] == 'x'
| 	  || dynamic_array[ni.number - 1] != 543);
| 
|   ;
|   return 0;
| }
configure:4125: gcc -std=gnu99 -c -g -O2  conftest.c >&5
configure:4132: $? = 0
configure:4162: result: -std=gnu99
configure:4293: checking for gcc -std=gnu99 option to accept ISO Standard C
configure:4304: result: -std=gnu99
configure:4316: checking for special C compiler options needed for large files
configure:4411: result: no
configure:4417: checking for _FILE_OFFSET_BITS value needed for large files
configure:4452: gcc -std=gnu99 -c -g -O2  conftest.c >&5
conftest.c:29:3: warning: left shift count >= width of type [enabled by default]
conftest.c:29:3: warning: left shift count >= width of type [enabled by default]
conftest.c:30:10: warning: left shift count >= width of type [enabled by default]
conftest.c:30:10: warning: left shift count >= width of type [enabled by default]
conftest.c:29:7: error: size of array 'off_t_is_large' is negative
conftest.c:31:9: warning: variably modified 'off_t_is_large' at file scope [enabled by default]
configure:4459: $? = 1
configure: failed program was:
| /* confdefs.h.  */
| #define PACKAGE_NAME "patch"
| #define PACKAGE_TARNAME "patch"
| #define PACKAGE_VERSION "2.6"
| #define PACKAGE_STRING "patch 2.6"
| #define PACKAGE_BUGREPORT "bug-patch@gnu.org"
| #define STDC_HEADERS 1
| #define HAVE_SYS_TYPES_H 1
| #define HAVE_SYS_STAT_H 1
| #define HAVE_STDLIB_H 1
| #define HAVE_STRING_H 1
| #define HAVE_MEMORY_H 1
| #define HAVE_STRINGS_H 1
| #define HAVE_INTTYPES_H 1
| #define HAVE_STDINT_H 1
| #define HAVE_UNISTD_H 1
| #define __EXTENSIONS__ 1
| #define _ALL_SOURCE 1
| #define _GNU_SOURCE 1
| #define _POSIX_PTHREAD_SEMANTICS 1
| #define _TANDEM_SOURCE 1
| /* end confdefs.h.  */
| #include <sys/types.h>
|  /* Check that off_t can represent 2**63 - 1 correctly.
|     We can't simply define LARGE_OFF_T to be 9223372036854775807,
|     since some C++ compilers masquerading as C compilers
|     incorrectly reject 9223372036854775807.  */
| #define LARGE_OFF_T (((off_t) 1 << 62) - 1 + ((off_t) 1 << 62))
|   int off_t_is_large[(LARGE_OFF_T % 2147483629 == 721
| 		       && LARGE_OFF_T % 2147483647 == 1)
| 		      ? 1 : -1];
| int
| main ()
| {
| 
|   ;
|   return 0;
| }
configure:4503: gcc -std=gnu99 -c -g -O2  conftest.c >&5
configure:4510: $? = 0
configure:4528: result: 64
configure:4667: checking for ANSI C header files
configure:4835: result: yes
configure:4862: checking fcntl.h usability
configure:4879: gcc -std=gnu99 -c -g -O2  conftest.c >&5
configure:4886: $? = 0
configure:4900: result: yes
configure:4904: checking fcntl.h presence
configure:4919: gcc -E  conftest.c
configure:4926: $? = 0
configure:4940: result: yes
configure:4973: checking for fcntl.h
configure:4982: result: yes
configure:4862: checking utime.h usability
configure:4879: gcc -std=gnu99 -c -g -O2  conftest.c >&5
configure:4886: $? = 0
configure:4900: result: yes
configure:4904: checking utime.h presence
configure:4919: gcc -E  conftest.c
configure:4926: $? = 0
configure:4940: result: yes
configure:4973: checking for utime.h
configure:4982: result: yes
configure:4998: checking for mode_t
configure:5026: gcc -std=gnu99 -c -g -O2  conftest.c >&5
configure:5033: $? = 0
configure:5060: gcc -std=gnu99 -c -g -O2  conftest.c >&5
conftest.c: In function 'main':
conftest.c:63:21: error: expected expression before ')' token
configure:5067: $? = 1
configure: failed program was:
| /* confdefs.h.  */
| #define PACKAGE_NAME "patch"
| #define PACKAGE_TARNAME "patch"
| #define PACKAGE_VERSION "2.6"
| #define PACKAGE_STRING "patch 2.6"
| #define PACKAGE_BUGREPORT "bug-patch@gnu.org"
| #define STDC_HEADERS 1
| #define HAVE_SYS_TYPES_H 1
| #define HAVE_SYS_STAT_H 1
| #define HAVE_STDLIB_H 1
| #define HAVE_STRING_H 1
| #define HAVE_MEMORY_H 1
| #define HAVE_STRINGS_H 1
| #define HAVE_INTTYPES_H 1
| #define HAVE_STDINT_H 1
| #define HAVE_UNISTD_H 1
| #define __EXTENSIONS__ 1
| #define _ALL_SOURCE 1
| #define _GNU_SOURCE 1
| #define _POSIX_PTHREAD_SEMANTICS 1
| #define _TANDEM_SOURCE 1
| #define _FILE_OFFSET_BITS 64
| #define STDC_HEADERS 1
| #define HAVE_FCNTL_H 1
| #define HAVE_UTIME_H 1
| /* end confdefs.h.  */
| #include <stdio.h>
| #ifdef HAVE_SYS_TYPES_H
| # include <sys/types.h>
| #endif
| #ifdef HAVE_SYS_STAT_H
| # include <sys/stat.h>
| #endif
| #ifdef STDC_HEADERS
| # include <stdlib.h>
| # include <stddef.h>
| #else
| # ifdef HAVE_STDLIB_H
| #  include <stdlib.h>
| # endif
| #endif
| #ifdef HAVE_STRING_H
| # if !defined STDC_HEADERS && defined HAVE_MEMORY_H
| #  include <memory.h>
| # endif
| # include <string.h>
| #endif
| #ifdef HAVE_STRINGS_H
| # include <strings.h>
| #endif
| #ifdef HAVE_INTTYPES_H
| # include <inttypes.h>
| #endif
| #ifdef HAVE_STDINT_H
| # include <stdint.h>
| #endif
| #ifdef HAVE_UNISTD_H
| # include <unistd.h>
| #endif
| int
| main ()
| {
| if (sizeof ((mode_t)))
| 	  return 0;
|   ;
|   return 0;
| }
configure:5090: result: yes
configure:5102: checking for off_t
configure:5130: gcc -std=gnu99 -c -g -O2  conftest.c >&5
configure:5137: $? = 0
configure:5164: gcc -std=gnu99 -c -g -O2  conftest.c >&5
conftest.c: In function 'main':
conftest.c:63:20: error: expected expression before ')' token
configure:5171: $? = 1
configure: failed program was:
| /* confdefs.h.  */
| #define PACKAGE_NAME "patch"
| #define PACKAGE_TARNAME "patch"
| #define PACKAGE_VERSION "2.6"
| #define PACKAGE_STRING "patch 2.6"
| #define PACKAGE_BUGREPORT "bug-patch@gnu.org"
| #define STDC_HEADERS 1
| #define HAVE_SYS_TYPES_H 1
| #define HAVE_SYS_STAT_H 1
| #define HAVE_STDLIB_H 1
| #define HAVE_STRING_H 1
| #define HAVE_MEMORY_H 1
| #define HAVE_STRINGS_H 1
| #define HAVE_INTTYPES_H 1
| #define HAVE_STDINT_H 1
| #define HAVE_UNISTD_H 1
| #define __EXTENSIONS__ 1
| #define _ALL_SOURCE 1
| #define _GNU_SOURCE 1
| #define _POSIX_PTHREAD_SEMANTICS 1
| #define _TANDEM_SOURCE 1
| #define _FILE_OFFSET_BITS 64
| #define STDC_HEADERS 1
| #define HAVE_FCNTL_H 1
| #define HAVE_UTIME_H 1
| /* end confdefs.h.  */
| #include <stdio.h>
| #ifdef HAVE_SYS_TYPES_H
| # include <sys/types.h>
| #endif
| #ifdef HAVE_SYS_STAT_H
| # include <sys/stat.h>
| #endif
| #ifdef STDC_HEADERS
| # include <stdlib.h>
| # include <stddef.h>
| #else
| # ifdef HAVE_STDLIB_H
| #  include <stdlib.h>
| # endif
| #endif
| #ifdef HAVE_STRING_H
| # if !defined STDC_HEADERS && defined HAVE_MEMORY_H
| #  include <memory.h>
| # endif
| # include <string.h>
| #endif
| #ifdef HAVE_STRINGS_H
| # include <strings.h>
| #endif
| #ifdef HAVE_INTTYPES_H
| # include <inttypes.h>
| #endif
| #ifdef HAVE_STDINT_H
| # include <stdint.h>
| #endif
| #ifdef HAVE_UNISTD_H
| # include <unistd.h>
| #endif
| int
| main ()
| {
| if (sizeof ((off_t)))
| 	  return 0;
|   ;
|   return 0;
| }
configure:5194: result: yes
configure:5206: checking for stdbool.h that conforms to C99
configure:5299: gcc -std=gnu99 -c -g -O2  conftest.c >&5
configure:5306: $? = 0
configure:5321: result: yes
configure:5323: checking for _Bool
configure:5351: gcc -std=gnu99 -c -g -O2  conftest.c >&5
configure:5358: $? = 0
configure:5385: gcc -std=gnu99 -c -g -O2  conftest.c >&5
conftest.c: In function 'main':
conftest.c:63:20: error: expected expression before ')' token
configure:5392: $? = 1
configure: failed program was:
| /* confdefs.h.  */
| #define PACKAGE_NAME "patch"
| #define PACKAGE_TARNAME "patch"
| #define PACKAGE_VERSION "2.6"
| #define PACKAGE_STRING "patch 2.6"
| #define PACKAGE_BUGREPORT "bug-patch@gnu.org"
| #define STDC_HEADERS 1
| #define HAVE_SYS_TYPES_H 1
| #define HAVE_SYS_STAT_H 1
| #define HAVE_STDLIB_H 1
| #define HAVE_STRING_H 1
| #define HAVE_MEMORY_H 1
| #define HAVE_STRINGS_H 1
| #define HAVE_INTTYPES_H 1
| #define HAVE_STDINT_H 1
| #define HAVE_UNISTD_H 1
| #define __EXTENSIONS__ 1
| #define _ALL_SOURCE 1
| #define _GNU_SOURCE 1
| #define _POSIX_PTHREAD_SEMANTICS 1
| #define _TANDEM_SOURCE 1
| #define _FILE_OFFSET_BITS 64
| #define STDC_HEADERS 1
| #define HAVE_FCNTL_H 1
| #define HAVE_UTIME_H 1
| /* end confdefs.h.  */
| #include <stdio.h>
| #ifdef HAVE_SYS_TYPES_H
| # include <sys/types.h>
| #endif
| #ifdef HAVE_SYS_STAT_H
| # include <sys/stat.h>
| #endif
| #ifdef STDC_HEADERS
| # include <stdlib.h>
| # include <stddef.h>
| #else
| # ifdef HAVE_STDLIB_H
| #  include <stdlib.h>
| # endif
| #endif
| #ifdef HAVE_STRING_H
| # if !defined STDC_HEADERS && defined HAVE_MEMORY_H
| #  include <memory.h>
| # endif
| # include <string.h>
| #endif
| #ifdef HAVE_STRINGS_H
| # include <strings.h>
| #endif
| #ifdef HAVE_INTTYPES_H
| # include <inttypes.h>
| #endif
| #ifdef HAVE_STDINT_H
| # include <stdint.h>
| #endif
| #ifdef HAVE_UNISTD_H
| # include <unistd.h>
| #endif
| int
| main ()
| {
| if (sizeof ((_Bool)))
| 	  return 0;
|   ;
|   return 0;
| }
configure:5415: result: yes
configure:5472: checking sys/time.h usability
configure:5489: gcc -std=gnu99 -c -g -O2  conftest.c >&5
configure:5496: $? = 0
configure:5510: result: yes
configure:5514: checking sys/time.h presence
configure:5529: gcc -E  conftest.c
configure:5536: $? = 0
configure:5550: result: yes
configure:5583: checking for sys/time.h
configure:5592: result: yes
configure:5461: checking for utime.h
configure:5468: result: yes
configure:5629: checking for struct utimbuf
configure:5662: gcc -std=gnu99 -c -g -O2  conftest.c >&5
configure:5669: $? = 0
configure:5684: result: yes
configure:5704: checking for d_ino member in directory struct
configure:5744: gcc -std=gnu99 -o conftest -g -O2   conftest.c  >&5
configure:5748: $? = 0
configure:5754: ./conftest
configure:5758: $? = 0
configure:5775: result: yes
configure:5787: checking whether system is Windows or MSDOS
configure:5816: gcc -std=gnu99 -c -g -O2  conftest.c >&5
conftest.c: In function 'main':
conftest.c:38:1: error: unknown type name 'neither'
conftest.c:38:15: error: expected '=', ',', ';', 'asm' or '__attribute__' before 'nor'
configure:5823: $? = 1
configure: failed program was:
| /* confdefs.h.  */
| #define PACKAGE_NAME "patch"
| #define PACKAGE_TARNAME "patch"
| #define PACKAGE_VERSION "2.6"
| #define PACKAGE_STRING "patch 2.6"
| #define PACKAGE_BUGREPORT "bug-patch@gnu.org"
| #define STDC_HEADERS 1
| #define HAVE_SYS_TYPES_H 1
| #define HAVE_SYS_STAT_H 1
| #define HAVE_STDLIB_H 1
| #define HAVE_STRING_H 1
| #define HAVE_MEMORY_H 1
| #define HAVE_STRINGS_H 1
| #define HAVE_INTTYPES_H 1
| #define HAVE_STDINT_H 1
| #define HAVE_UNISTD_H 1
| #define __EXTENSIONS__ 1
| #define _ALL_SOURCE 1
| #define _GNU_SOURCE 1
| #define _POSIX_PTHREAD_SEMANTICS 1
| #define _TANDEM_SOURCE 1
| #define _FILE_OFFSET_BITS 64
| #define STDC_HEADERS 1
| #define HAVE_FCNTL_H 1
| #define HAVE_UTIME_H 1
| #define HAVE__BOOL 1
| #define HAVE_STDBOOL_H 1
| #define HAVE_SYS_TIME_H 1
| #define HAVE_UTIME_H 1
| #define HAVE_STRUCT_UTIMBUF 1
| #define D_INO_IN_DIRENT 1
| /* end confdefs.h.  */
| 
| int
| main ()
| {
| #if !defined _WIN32 && !defined __WIN32__ && !defined __MSDOS__ && !defined __CYGWIN__
| neither MSDOS nor Windows
| #endif
|   ;
|   return 0;
| }
configure:5839: result: no
configure:5931: checking for long file names
configure:5963: result: yes
configure:5981: checking for pathconf
configure:6037: gcc -std=gnu99 -o conftest -g -O2   conftest.c  >&5
configure:6044: $? = 0
configure:6066: result: yes
configure:6104: checking whether // is distinct from /
configure:6133: result: no
configure:6167: checking whether strerror_r is declared
configure:6196: gcc -std=gnu99 -c -g -O2  conftest.c >&5
configure:6203: $? = 0
configure:6218: result: yes
configure:6240: checking for strerror_r
configure:6296: gcc -std=gnu99 -o conftest -g -O2   conftest.c  >&5
configure:6303: $? = 0
configure:6325: result: yes
configure:6337: checking whether strerror_r returns char *
configure:6371: gcc -std=gnu99 -c -g -O2  conftest.c >&5
configure:6378: $? = 0
configure:6457: result: yes
configure:6468: checking for error_at_line
configure:6494: gcc -std=gnu99 -o conftest -g -O2   conftest.c  >&5
configure:6501: $? = 0
configure:6521: result: yes
configure:6552: checking for memchr
configure:6608: gcc -std=gnu99 -o conftest -g -O2   conftest.c  >&5
conftest.c:64:6: warning: conflicting types for built-in function 'memchr' [enabled by default]
configure:6615: $? = 0
configure:6637: result: yes
configure:6831: checking getopt.h usability
configure:6848: gcc -std=gnu99 -c -g -O2  conftest.c >&5
configure:6855: $? = 0
configure:6869: result: yes
configure:6873: checking getopt.h presence
configure:6888: gcc -E  conftest.c
configure:6895: $? = 0
configure:6909: result: yes
configure:6942: checking for getopt.h
configure:6951: result: yes
configure:6975: checking for getopt_long_only
configure:7031: gcc -std=gnu99 -o conftest -g -O2   conftest.c  >&5
configure:7038: $? = 0
configure:7060: result: yes
configure:7077: checking whether optreset is declared
configure:7107: gcc -std=gnu99 -c -g -O2  conftest.c >&5
conftest.c: In function 'main':
conftest.c:50:10: error: 'optreset' undeclared (first use in this function)
conftest.c:50:10: note: each undeclared identifier is reported only once for each function it appears in
configure:7114: $? = 1
configure: failed program was:
| /* confdefs.h.  */
| #define PACKAGE_NAME "patch"
| #define PACKAGE_TARNAME "patch"
| #define PACKAGE_VERSION "2.6"
| #define PACKAGE_STRING "patch 2.6"
| #define PACKAGE_BUGREPORT "bug-patch@gnu.org"
| #define STDC_HEADERS 1
| #define HAVE_SYS_TYPES_H 1
| #define HAVE_SYS_STAT_H 1
| #define HAVE_STDLIB_H 1
| #define HAVE_STRING_H 1
| #define HAVE_MEMORY_H 1
| #define HAVE_STRINGS_H 1
| #define HAVE_INTTYPES_H 1
| #define HAVE_STDINT_H 1
| #define HAVE_UNISTD_H 1
| #define __EXTENSIONS__ 1
| #define _ALL_SOURCE 1
| #define _GNU_SOURCE 1
| #define _POSIX_PTHREAD_SEMANTICS 1
| #define _TANDEM_SOURCE 1
| #define _FILE_OFFSET_BITS 64
| #define STDC_HEADERS 1
| #define HAVE_FCNTL_H 1
| #define HAVE_UTIME_H 1
| #define HAVE__BOOL 1
| #define HAVE_STDBOOL_H 1
| #define HAVE_SYS_TIME_H 1
| #define HAVE_UTIME_H 1
| #define HAVE_STRUCT_UTIMBUF 1
| #define D_INO_IN_DIRENT 1
| #define FILE_SYSTEM_ACCEPTS_DRIVE_LETTER_PREFIX 0
| #define FILE_SYSTEM_BACKSLASH_IS_FILE_NAME_SEPARATOR 0
| #define FILE_SYSTEM_DRIVE_PREFIX_CAN_BE_RELATIVE 0
| #define HAVE_LONG_FILE_NAMES 1
| #define HAVE_PATHCONF 1
| #define HAVE_DECL_STRERROR_R 1
| #define HAVE_STRERROR_R 1
| #define STRERROR_R_CHAR_P 1
| #define HAVE_MEMCHR 1
| #define HAVE_GETOPT_H 1
| #define HAVE_GETOPT_LONG_ONLY 1
| /* end confdefs.h.  */
| #include <getopt.h>
| 
| int
| main ()
| {
| #ifndef optreset
|   (void) optreset;
| #endif
| 
|   ;
|   return 0;
| }
configure:7129: result: no
configure:7138: checking for working GNU getopt function
configure:7232: gcc -std=gnu99 -o conftest -g -O2   conftest.c  >&5
configure:7236: $? = 0
configure:7242: ./conftest
conftest: invalid option -- '+'
configure:7246: $? = 0
configure:7263: result: yes
configure:7271: checking whether getenv is declared
configure:7300: gcc -std=gnu99 -c -g -O2  conftest.c >&5
configure:7307: $? = 0
configure:7322: result: yes
configure:7410: checking for ssize_t
configure:7437: gcc -std=gnu99 -c -g -O2  conftest.c >&5
configure:7444: $? = 0
configure:7459: result: yes
configure:7489: checking for strcasecmp
configure:7545: gcc -std=gnu99 -o conftest -g -O2   conftest.c  >&5
conftest.c:68:6: warning: conflicting types for built-in function 'strcasecmp' [enabled by default]
configure:7552: $? = 0
configure:7574: result: yes
configure:7605: checking for strncasecmp
configure:7661: gcc -std=gnu99 -o conftest -g -O2   conftest.c  >&5
conftest.c:69:6: warning: conflicting types for built-in function 'strncasecmp' [enabled by default]
configure:7668: $? = 0
configure:7690: result: yes
configure:7717: checking for inline
configure:7743: gcc -std=gnu99 -c -g -O2  conftest.c >&5
configure:7750: $? = 0
configure:7768: result: inline
configure:7789: checking whether the compiler generally respects inline
configure:7820: gcc -std=gnu99 -c -g -O2  conftest.c >&5
configure:7827: $? = 0
configure:7844: result: yes
configure:7890: checking whether mktemp is declared
configure:7919: gcc -std=gnu99 -c -g -O2  conftest.c >&5
configure:7926: $? = 0
configure:7941: result: yes
configure:7969: checking for geteuid
configure:8025: gcc -std=gnu99 -o conftest -g -O2   conftest.c  >&5
configure:8032: $? = 0
configure:8054: result: yes
configure:7969: checking for getuid
configure:8025: gcc -std=gnu99 -o conftest -g -O2   conftest.c  >&5
configure:8032: $? = 0
configure:8054: result: yes
configure:7969: checking for mktemp
configure:8025: gcc -std=gnu99 -o conftest -g -O2   conftest.c  >&5
configure:8032: $? = 0
configure:8054: result: yes
configure:7969: checking for raise
configure:8025: gcc -std=gnu99 -o conftest -g -O2   conftest.c  >&5
configure:8032: $? = 0
configure:8054: result: yes
configure:7969: checking for sigaction
configure:8025: gcc -std=gnu99 -o conftest -g -O2   conftest.c  >&5
configure:8032: $? = 0
configure:8054: result: yes
configure:7969: checking for sigprocmask
configure:8025: gcc -std=gnu99 -o conftest -g -O2   conftest.c  >&5
configure:8032: $? = 0
configure:8054: result: yes
configure:7969: checking for sigsetmask
configure:8025: gcc -std=gnu99 -o conftest -g -O2   conftest.c  >&5
configure:8032: $? = 0
configure:8054: result: yes
configure:8066: checking for _LARGEFILE_SOURCE value needed for large files
configure:8095: gcc -std=gnu99 -o conftest -g -O2   conftest.c  >&5
configure:8102: $? = 0
configure:8175: result: no
configure:8199: checking whether clearerr_unlocked is declared
configure:8228: gcc -std=gnu99 -c -g -O2  conftest.c >&5
configure:8235: $? = 0
configure:8250: result: yes
configure:8270: checking whether feof_unlocked is declared
configure:8299: gcc -std=gnu99 -c -g -O2  conftest.c >&5
configure:8306: $? = 0
configure:8321: result: yes
configure:8341: checking whether ferror_unlocked is declared
configure:8370: gcc -std=gnu99 -c -g -O2  conftest.c >&5
configure:8377: $? = 0
configure:8392: result: yes
configure:8412: checking whether fflush_unlocked is declared
configure:8441: gcc -std=gnu99 -c -g -O2  conftest.c >&5
configure:8448: $? = 0
configure:8463: result: yes
configure:8483: checking whether fgets_unlocked is declared
configure:8512: gcc -std=gnu99 -c -g -O2  conftest.c >&5
configure:8519: $? = 0
configure:8534: result: yes
configure:8554: checking whether fputc_unlocked is declared
configure:8583: gcc -std=gnu99 -c -g -O2  conftest.c >&5
configure:8590: $? = 0
configure:8605: result: yes
configure:8625: checking whether fputs_unlocked is declared
configure:8654: gcc -std=gnu99 -c -g -O2  conftest.c >&5
configure:8661: $? = 0
configure:8676: result: yes
configure:8696: checking whether fread_unlocked is declared
configure:8725: gcc -std=gnu99 -c -g -O2  conftest.c >&5
configure:8732: $? = 0
configure:8747: result: yes
configure:8767: checking whether fwrite_unlocked is declared
configure:8796: gcc -std=gnu99 -c -g -O2  conftest.c >&5
configure:8803: $? = 0
configure:8818: result: yes
configure:8838: checking whether getc_unlocked is declared
configure:8867: gcc -std=gnu99 -c -g -O2  conftest.c >&5
configure:8874: $? = 0
configure:8889: result: yes
configure:8909: checking whether getchar_unlocked is declared
configure:8938: gcc -std=gnu99 -c -g -O2  conftest.c >&5
configure:8945: $? = 0
configure:8960: result: yes
configure:8980: checking whether putc_unlocked is declared
configure:9009: gcc -std=gnu99 -c -g -O2  conftest.c >&5
configure:9016: $? = 0
configure:9031: result: yes
configure:9051: checking whether putchar_unlocked is declared
configure:9080: gcc -std=gnu99 -c -g -O2  conftest.c >&5
configure:9087: $? = 0
configure:9102: result: yes
configure:9223: checking whether malloc, realloc, calloc are POSIX compliant
configure:9253: gcc -std=gnu99 -c -g -O2  conftest.c >&5
configure:9260: $? = 0
configure:9276: result: yes
configure:9327: checking for dirent.h that defines DIR
configure:9356: gcc -std=gnu99 -c -g -O2  conftest.c >&5
configure:9363: $? = 0
configure:9380: result: yes
configure:9395: checking for library containing opendir
configure:9436: gcc -std=gnu99 -o conftest -g -O2   conftest.c  >&5
configure:9443: $? = 0
configure:9474: result: none required
configure:9572: checking whether closedir returns void
configure:9606: gcc -std=gnu99 -o conftest -g -O2   conftest.c  >&5
configure:9610: $? = 0
configure:9616: ./conftest
configure:9620: $? = 0
configure:9637: result: no
configure:9653: checking for fcntl.h
configure:9660: result: yes
configure:9653: checking for unistd.h
configure:9660: result: yes
configure:9799: checking for DOS-style setmode
configure:9831: gcc -std=gnu99 -o conftest -g -O2   conftest.c  >&5
conftest.c:76:16: fatal error: io.h: No such file or directory
compilation terminated.
configure:9838: $? = 1
configure: failed program was:
| /* confdefs.h.  */
| #define PACKAGE_NAME "patch"
| #define PACKAGE_TARNAME "patch"
| #define PACKAGE_VERSION "2.6"
| #define PACKAGE_STRING "patch 2.6"
| #define PACKAGE_BUGREPORT "bug-patch@gnu.org"
| #define STDC_HEADERS 1
| #define HAVE_SYS_TYPES_H 1
| #define HAVE_SYS_STAT_H 1
| #define HAVE_STDLIB_H 1
| #define HAVE_STRING_H 1
| #define HAVE_MEMORY_H 1
| #define HAVE_STRINGS_H 1
| #define HAVE_INTTYPES_H 1
| #define HAVE_STDINT_H 1
| #define HAVE_UNISTD_H 1
| #define __EXTENSIONS__ 1
| #define _ALL_SOURCE 1
| #define _GNU_SOURCE 1
| #define _POSIX_PTHREAD_SEMANTICS 1
| #define _TANDEM_SOURCE 1
| #define _FILE_OFFSET_BITS 64
| #define STDC_HEADERS 1
| #define HAVE_FCNTL_H 1
| #define HAVE_UTIME_H 1
| #define HAVE__BOOL 1
| #define HAVE_STDBOOL_H 1
| #define HAVE_SYS_TIME_H 1
| #define HAVE_UTIME_H 1
| #define HAVE_STRUCT_UTIMBUF 1
| #define D_INO_IN_DIRENT 1
| #define FILE_SYSTEM_ACCEPTS_DRIVE_LETTER_PREFIX 0
| #define FILE_SYSTEM_BACKSLASH_IS_FILE_NAME_SEPARATOR 0
| #define FILE_SYSTEM_DRIVE_PREFIX_CAN_BE_RELATIVE 0
| #define HAVE_LONG_FILE_NAMES 1
| #define HAVE_PATHCONF 1
| #define HAVE_DECL_STRERROR_R 1
| #define HAVE_STRERROR_R 1
| #define STRERROR_R_CHAR_P 1
| #define HAVE_MEMCHR 1
| #define HAVE_GETOPT_H 1
| #define HAVE_GETOPT_LONG_ONLY 1
| #define HAVE_DECL_GETENV 1
| #define HAVE_STRCASECMP 1
| #define HAVE_STRNCASECMP 1
| #define HAVE_INLINE 1
| #define HAVE_DECL_MKTEMP 1
| #define HAVE_GETEUID 1
| #define HAVE_GETUID 1
| #define HAVE_MKTEMP 1
| #define HAVE_RAISE 1
| #define HAVE_SIGACTION 1
| #define HAVE_SIGPROCMASK 1
| #define HAVE_SIGSETMASK 1
| #define HAVE_FSEEKO 1
| #define HAVE_DECL_CLEARERR_UNLOCKED 1
| #define HAVE_DECL_FEOF_UNLOCKED 1
| #define HAVE_DECL_FERROR_UNLOCKED 1
| #define HAVE_DECL_FFLUSH_UNLOCKED 1
| #define HAVE_DECL_FGETS_UNLOCKED 1
| #define HAVE_DECL_FPUTC_UNLOCKED 1
| #define HAVE_DECL_FPUTS_UNLOCKED 1
| #define HAVE_DECL_FREAD_UNLOCKED 1
| #define HAVE_DECL_FWRITE_UNLOCKED 1
| #define HAVE_DECL_GETC_UNLOCKED 1
| #define HAVE_DECL_GETCHAR_UNLOCKED 1
| #define HAVE_DECL_PUTC_UNLOCKED 1
| #define HAVE_DECL_PUTCHAR_UNLOCKED 1
| #define USE_UNLOCKED_IO 1
| #define HAVE_MALLOC_POSIX 1
| #define HAVE_REALLOC_POSIX 1
| #define HAVE_DIRENT_H 1
| #define HAVE_FCNTL_H 1
| #define HAVE_UNISTD_H 1
| /* end confdefs.h.  */
| #include <io.h>
| 	 #if HAVE_FCNTL_H
| 	 # include <fcntl.h>
| 	 #endif
| 	 #if HAVE_UNISTD_H
| 	 # include <unistd.h>
| 	 #endif
| int
| main ()
| {
| int ret = setmode && setmode (1, O_BINARY);
|   ;
|   return 0;
| }
configure:9858: result: no
configure:9871: checking for vprintf
configure:9927: gcc -std=gnu99 -o conftest -g -O2   conftest.c  >&5
conftest.c:99:6: warning: conflicting types for built-in function 'vprintf' [enabled by default]
configure:9934: $? = 0
configure:9956: result: yes
configure:9965: checking for _doprnt
configure:10021: gcc -std=gnu99 -o conftest -g -O2   conftest.c  >&5
/tmp/ccuWRHjS.o: In function `main':
/home/darragh/idiffh/patch-2.6/conftest.c:111: undefined reference to `_doprnt'
collect2: ld returned 1 exit status
configure:10028: $? = 1
configure: failed program was:
| /* confdefs.h.  */
| #define PACKAGE_NAME "patch"
| #define PACKAGE_TARNAME "patch"
| #define PACKAGE_VERSION "2.6"
| #define PACKAGE_STRING "patch 2.6"
| #define PACKAGE_BUGREPORT "bug-patch@gnu.org"
| #define STDC_HEADERS 1
| #define HAVE_SYS_TYPES_H 1
| #define HAVE_SYS_STAT_H 1
| #define HAVE_STDLIB_H 1
| #define HAVE_STRING_H 1
| #define HAVE_MEMORY_H 1
| #define HAVE_STRINGS_H 1
| #define HAVE_INTTYPES_H 1
| #define HAVE_STDINT_H 1
| #define HAVE_UNISTD_H 1
| #define __EXTENSIONS__ 1
| #define _ALL_SOURCE 1
| #define _GNU_SOURCE 1
| #define _POSIX_PTHREAD_SEMANTICS 1
| #define _TANDEM_SOURCE 1
| #define _FILE_OFFSET_BITS 64
| #define STDC_HEADERS 1
| #define HAVE_FCNTL_H 1
| #define HAVE_UTIME_H 1
| #define HAVE__BOOL 1
| #define HAVE_STDBOOL_H 1
| #define HAVE_SYS_TIME_H 1
| #define HAVE_UTIME_H 1
| #define HAVE_STRUCT_UTIMBUF 1
| #define D_INO_IN_DIRENT 1
| #define FILE_SYSTEM_ACCEPTS_DRIVE_LETTER_PREFIX 0
| #define FILE_SYSTEM_BACKSLASH_IS_FILE_NAME_SEPARATOR 0
| #define FILE_SYSTEM_DRIVE_PREFIX_CAN_BE_RELATIVE 0
| #define HAVE_LONG_FILE_NAMES 1
| #define HAVE_PATHCONF 1
| #define HAVE_DECL_STRERROR_R 1
| #define HAVE_STRERROR_R 1
| #define STRERROR_R_CHAR_P 1
| #define HAVE_MEMCHR 1
| #define HAVE_GETOPT_H 1
| #define HAVE_GETOPT_LONG_ONLY 1
| #define HAVE_DECL_GETENV 1
| #define HAVE_STRCASECMP 1
| #define HAVE_STRNCASECMP 1
| #define HAVE_INLINE 1
| #define HAVE_DECL_MKTEMP 1
| #define HAVE_GETEUID 1
| #define HAVE_GETUID 1
| #define HAVE_MKTEMP 1
| #define HAVE_RAISE 1
| #define HAVE_SIGACTION 1
| #define HAVE_SIGPROCMASK 1
| #define HAVE_SIGSETMASK 1
| #define HAVE_FSEEKO 1
| #define HAVE_DECL_CLEARERR_UNLOCKED 1
| #define HAVE_DECL_FEOF_UNLOCKED 1
| #define HAVE_DECL_FERROR_UNLOCKED 1
| #define HAVE_DECL_FFLUSH_UNLOCKED 1
| #define HAVE_DECL_FGETS_UNLOCKED 1
| #define HAVE_DECL_FPUTC_UNLOCKED 1
| #define HAVE_DECL_FPUTS_UNLOCKED 1
| #define HAVE_DECL_FREAD_UNLOCKED 1
| #define HAVE_DECL_FWRITE_UNLOCKED 1
| #define HAVE_DECL_GETC_UNLOCKED 1
| #define HAVE_DECL_GETCHAR_UNLOCKED 1
| #define HAVE_DECL_PUTC_UNLOCKED 1
| #define HAVE_DECL_PUTCHAR_UNLOCKED 1
| #define USE_UNLOCKED_IO 1
| #define HAVE_MALLOC_POSIX 1
| #define HAVE_REALLOC_POSIX 1
| #define HAVE_DIRENT_H 1
| #define HAVE_FCNTL_H 1
| #define HAVE_UNISTD_H 1
| #define HAVE_VPRINTF 1
| /* end confdefs.h.  */
| /* Define _doprnt to an innocuous variant, in case <limits.h> declares _doprnt.
|    For example, HP-UX 11i <limits.h> declares gettimeofday.  */
| #define _doprnt innocuous__doprnt
| 
| /* System header to define __stub macros and hopefully few prototypes,
|     which can conflict with char _doprnt (); below.
|     Prefer <limits.h> to <assert.h> if __STDC__ is defined, since
|     <limits.h> exists even on freestanding compilers.  */
| 
| #ifdef __STDC__
| # include <limits.h>
| #else
| # include <assert.h>
| #endif
| 
| #undef _doprnt
| 
| /* Override any GCC internal prototype to avoid an error.
|    Use char because int might match the return type of a GCC
|    builtin and then its argument prototype would still apply.  */
| #ifdef __cplusplus
| extern "C"
| #endif
| char _doprnt ();
| /* The GNU C library defines this for functions which it implements
|     to always fail with ENOSYS.  Some functions are actually named
|     something starting with __ and the normal name is an alias.  */
| #if defined __stub__doprnt || defined __stub____doprnt
| choke me
| #endif
| 
| int
| main ()
| {
| return _doprnt ();
|   ;
|   return 0;
| }
configure:10048: result: no
configure:10066: checking for mkdir
configure:10122: gcc -std=gnu99 -o conftest -g -O2   conftest.c  >&5
configure:10129: $? = 0
configure:10151: result: yes
configure:10163: checking whether mkdir takes only one argument
configure:10197: gcc -std=gnu99 -c -g -O2  conftest.c >&5
configure:10204: $? = 0
configure:10271: result: no
configure:10284: checking whether system is Windows or MSDOS
configure:10336: result: no
configure:10428: checking for long file names
configure:10460: result: yes
configure:10585: creating ./config.status

## ---------------------- ##
## Running config.status. ##
## ---------------------- ##

This file was extended by patch config.status 2.6, which was
generated by GNU Autoconf 2.63.  Invocation command line was

  CONFIG_FILES    = 
  CONFIG_HEADERS  = 
  CONFIG_LINKS    = 
  CONFIG_COMMANDS = 
  $ ./config.status 

on darragh-Ideapad-Z570

config.status:810: creating Makefile
config.status:810: creating config.h
config.status:1026: config.h is unchanged

## ---------------- ##
## Cache variables. ##
## ---------------- ##

ac_cv_build=i686-pc-linux-gnu
ac_cv_c_compiler_gnu=yes
ac_cv_c_inline=inline
ac_cv_env_CC_set=
ac_cv_env_CC_value=
ac_cv_env_CFLAGS_set=
ac_cv_env_CFLAGS_value=
ac_cv_env_CPPFLAGS_set=
ac_cv_env_CPPFLAGS_value=
ac_cv_env_CPP_set=
ac_cv_env_CPP_value=
ac_cv_env_LDFLAGS_set=
ac_cv_env_LDFLAGS_value=
ac_cv_env_LIBS_set=
ac_cv_env_LIBS_value=
ac_cv_env_build_alias_set=
ac_cv_env_build_alias_value=
ac_cv_env_host_alias_set=
ac_cv_env_host_alias_value=
ac_cv_env_target_alias_set=
ac_cv_env_target_alias_value=
ac_cv_func__doprnt=no
ac_cv_func_closedir_void=no
ac_cv_func_geteuid=yes
ac_cv_func_getopt_long_only=yes
ac_cv_func_getuid=yes
ac_cv_func_memchr=yes
ac_cv_func_mkdir=yes
ac_cv_func_mktemp=yes
ac_cv_func_pathconf=yes
ac_cv_func_raise=yes
ac_cv_func_setmode_dos=no
ac_cv_func_sigaction=yes
ac_cv_func_sigprocmask=yes
ac_cv_func_sigsetmask=yes
ac_cv_func_strcasecmp=yes
ac_cv_func_strerror_r=yes
ac_cv_func_strerror_r_char_p=yes
ac_cv_func_strncasecmp=yes
ac_cv_func_vprintf=yes
ac_cv_have_decl_clearerr_unlocked=yes
ac_cv_have_decl_feof_unlocked=yes
ac_cv_have_decl_ferror_unlocked=yes
ac_cv_have_decl_fflush_unlocked=yes
ac_cv_have_decl_fgets_unlocked=yes
ac_cv_have_decl_fputc_unlocked=yes
ac_cv_have_decl_fputs_unlocked=yes
ac_cv_have_decl_fread_unlocked=yes
ac_cv_have_decl_fwrite_unlocked=yes
ac_cv_have_decl_getc_unlocked=yes
ac_cv_have_decl_getchar_unlocked=yes
ac_cv_have_decl_getenv=yes
ac_cv_have_decl_mktemp=yes
ac_cv_have_decl_optreset=no
ac_cv_have_decl_putc_unlocked=yes
ac_cv_have_decl_putchar_unlocked=yes
ac_cv_have_decl_strerror_r=yes
ac_cv_header_dirent_dirent_h=yes
ac_cv_header_fcntl_h=yes
ac_cv_header_getopt_h=yes
ac_cv_header_inttypes_h=yes
ac_cv_header_memory_h=yes
ac_cv_header_minix_config_h=no
ac_cv_header_stdbool_h=yes
ac_cv_header_stdc=yes
ac_cv_header_stdint_h=yes
ac_cv_header_stdlib_h=yes
ac_cv_header_string_h=yes
ac_cv_header_strings_h=yes
ac_cv_header_sys_stat_h=yes
ac_cv_header_sys_time_h=yes
ac_cv_header_sys_types_h=yes
ac_cv_header_unistd_h=yes
ac_cv_header_utime_h=yes
ac_cv_host=i686-pc-linux-gnu
ac_cv_lib_error_at_line=yes
ac_cv_objext=o
ac_cv_path_EGREP='/bin/grep -E'
ac_cv_path_GREP=/bin/grep
ac_cv_path_TEST_SHELL=/bin/bash
ac_cv_path_ed_PROGRAM=/bin/ed
ac_cv_path_install='/usr/bin/install -c'
ac_cv_prog_CPP='gcc -E'
ac_cv_prog_ac_ct_CC=gcc
ac_cv_prog_cc_c89=
ac_cv_prog_cc_c99=-std=gnu99
ac_cv_prog_cc_g=yes
ac_cv_prog_cc_stdc=-std=gnu99
ac_cv_prog_make_make_set=yes
ac_cv_safe_to_define___extensions__=yes
ac_cv_search_opendir='none required'
ac_cv_sys_file_offset_bits=64
ac_cv_sys_largefile_CC=no
ac_cv_sys_largefile_source=no
ac_cv_sys_long_file_names=yes
ac_cv_type__Bool=yes
ac_cv_type_mode_t=yes
ac_cv_type_off_t=yes
ac_cv_win_or_dos=no
gl_cv_c_inline_effective=yes
gl_cv_double_slash_root=no
gl_cv_func_gnu_getopt=yes
gl_cv_func_malloc_posix=yes
gl_cv_struct_dirent_d_ino=yes
gl_cv_sys_struct_utimbuf=yes
gt_cv_ssize_t=yes
patch_cv_mkdir_takes_one_arg=no

## ----------------- ##
## Output variables. ##
## ----------------- ##

CC='gcc -std=gnu99'
CFLAGS='-g -O2'
CPP='gcc -E'
CPPFLAGS=''
DEFS='-DHAVE_CONFIG_H'
ECHO_C=''
ECHO_N='-n'
ECHO_T=''
EGREP='/bin/grep -E'
ENABLE_MERGE='1'
EXEEXT=''
GETOPT_H=''
GREP='/bin/grep'
HAVE_MALLOC_POSIX='1'
HAVE_REALLOC_POSIX='1'
HAVE__BOOL='1'
INSTALL_DATA='${INSTALL} -m 644'
INSTALL_PROGRAM='${INSTALL}'
INSTALL_SCRIPT='${INSTALL}'
LDFLAGS=''
LIBOBJS=' ${LIBOBJDIR}argmatch$U.o ${LIBOBJDIR}backupfile$U.o ${LIBOBJDIR}basename$U.o ${LIBOBJDIR}dirname$U.o ${LIBOBJDIR}stripslash$U.o ${LIBOBJDIR}exitfail$U.o ${LIBOBJDIR}hash$U.o ${LIBOBJDIR}quote$U.o ${LIBOBJDIR}quotearg$U.o ${LIBOBJDIR}safe-write$U.o ${LIBOBJDIR}xmalloc$U.o ${LIBOBJDIR}xstrndup$U.o ${LIBOBJDIR}error$U.o'
LIBS=''
LTLIBOBJS=' ${LIBOBJDIR}argmatch$U.lo ${LIBOBJDIR}backupfile$U.lo ${LIBOBJDIR}basename$U.lo ${LIBOBJDIR}dirname$U.lo ${LIBOBJDIR}stripslash$U.lo ${LIBOBJDIR}exitfail$U.lo ${LIBOBJDIR}hash$U.lo ${LIBOBJDIR}quote$U.lo ${LIBOBJDIR}quotearg$U.lo ${LIBOBJDIR}safe-write$U.lo ${LIBOBJDIR}xmalloc$U.lo ${LIBOBJDIR}xstrndup$U.lo ${LIBOBJDIR}error$U.lo'
OBJEXT='o'
PACKAGE_BUGREPORT='bug-patch@gnu.org'
PACKAGE_NAME='patch'
PACKAGE_STRING='patch 2.6'
PACKAGE_TARNAME='patch'
PACKAGE_VERSION='2.6'
PATH_SEPARATOR=':'
SET_MAKE=''
SHELL='/bin/bash'
STDBOOL_H=''
TEST_SHELL='/bin/bash'
ac_ct_CC='gcc'
bindir='${exec_prefix}/bin'
build='i686-pc-linux-gnu'
build_alias=''
build_cpu='i686'
build_os='linux-gnu'
build_vendor='pc'
datadir='${datarootdir}'
datarootdir='${prefix}/share'
docdir='${datarootdir}/doc/${PACKAGE_TARNAME}'
dvidir='${docdir}'
ed_PROGRAM='/bin/ed'
exec_prefix='${prefix}'
host='i686-pc-linux-gnu'
host_alias=''
host_cpu='i686'
host_os='linux-gnu'
host_vendor='pc'
htmldir='${docdir}'
includedir='${prefix}/include'
infodir='${datarootdir}/info'
libdir='${exec_prefix}/lib'
libexecdir='${exec_prefix}/libexec'
localedir='${datarootdir}/locale'
localstatedir='${prefix}/var'
mandir='${datarootdir}/man'
oldincludedir='/usr/include'
pdfdir='${docdir}'
prefix='/usr/local'
program_transform_name='s,x,x,'
psdir='${docdir}'
sbindir='${exec_prefix}/sbin'
sharedstatedir='${prefix}/com'
sysconfdir='${prefix}/etc'
target_alias=''

## ----------- ##
## confdefs.h. ##
## ----------- ##

#define PACKAGE_NAME "patch"
#define PACKAGE_TARNAME "patch"
#define PACKAGE_VERSION "2.6"
#define PACKAGE_STRING "patch 2.6"
#define PACKAGE_BUGREPORT "bug-patch@gnu.org"
#define STDC_HEADERS 1
#define HAVE_SYS_TYPES_H 1
#define HAVE_SYS_STAT_H 1
#define HAVE_STDLIB_H 1
#define HAVE_STRING_H 1
#define HAVE_MEMORY_H 1
#define HAVE_STRINGS_H 1
#define HAVE_INTTYPES_H 1
#define HAVE_STDINT_H 1
#define HAVE_UNISTD_H 1
#define __EXTENSIONS__ 1
#define _ALL_SOURCE 1
#define _GNU_SOURCE 1
#define _POSIX_PTHREAD_SEMANTICS 1
#define _TANDEM_SOURCE 1
#define _FILE_OFFSET_BITS 64
#define STDC_HEADERS 1
#define HAVE_FCNTL_H 1
#define HAVE_UTIME_H 1
#define HAVE__BOOL 1
#define HAVE_STDBOOL_H 1
#define HAVE_SYS_TIME_H 1
#define HAVE_UTIME_H 1
#define HAVE_STRUCT_UTIMBUF 1
#define D_INO_IN_DIRENT 1
#define FILE_SYSTEM_ACCEPTS_DRIVE_LETTER_PREFIX 0
#define FILE_SYSTEM_BACKSLASH_IS_FILE_NAME_SEPARATOR 0
#define FILE_SYSTEM_DRIVE_PREFIX_CAN_BE_RELATIVE 0
#define HAVE_LONG_FILE_NAMES 1
#define HAVE_PATHCONF 1
#define HAVE_DECL_STRERROR_R 1
#define HAVE_STRERROR_R 1
#define STRERROR_R_CHAR_P 1
#define HAVE_MEMCHR 1
#define HAVE_GETOPT_H 1
#define HAVE_GETOPT_LONG_ONLY 1
#define HAVE_DECL_GETENV 1
#define HAVE_STRCASECMP 1
#define HAVE_STRNCASECMP 1
#define HAVE_INLINE 1
#define HAVE_DECL_MKTEMP 1
#define HAVE_GETEUID 1
#define HAVE_GETUID 1
#define HAVE_MKTEMP 1
#define HAVE_RAISE 1
#define HAVE_SIGACTION 1
#define HAVE_SIGPROCMASK 1
#define HAVE_SIGSETMASK 1
#define HAVE_FSEEKO 1
#define HAVE_DECL_CLEARERR_UNLOCKED 1
#define HAVE_DECL_FEOF_UNLOCKED 1
#define HAVE_DECL_FERROR_UNLOCKED 1
#define HAVE_DECL_FFLUSH_UNLOCKED 1
#define HAVE_DECL_FGETS_UNLOCKED 1
#define HAVE_DECL_FPUTC_UNLOCKED 1
#define HAVE_DECL_FPUTS_UNLOCKED 1
#define HAVE_DECL_FREAD_UNLOCKED 1
#define HAVE_DECL_FWRITE_UNLOCKED 1
#define HAVE_DECL_GETC_UNLOCKED 1
#define HAVE_DECL_GETCHAR_UNLOCKED 1
#define HAVE_DECL_PUTC_UNLOCKED 1
#define HAVE_DECL_PUTCHAR_UNLOCKED 1
#define USE_UNLOCKED_IO 1
#define HAVE_MALLOC_POSIX 1
#define HAVE_REALLOC_POSIX 1
#define HAVE_DIRENT_H 1
#define HAVE_FCNTL_H 1
#define HAVE_UNISTD_H 1
#define HAVE_VPRINTF 1
#define HAVE_MKDIR 1
#define FILE_SYSTEM_ACCEPTS_DRIVE_LETTER_PREFIX 0
#define FILE_SYSTEM_BACKSLASH_IS_FILE_NAME_SEPARATOR 0
#define FILE_SYSTEM_DRIVE_PREFIX_CAN_BE_RELATIVE 0
#define HAVE_LONG_FILE_NAMES 1

configure: exit 0
